\BOOKMARK [0][-]{dummy.1}{\376\377\000D\000e\000c\000l\000a\000r\000a\000t\000i\000o\000n\000\040\000o\000f\000\040\000A\000u\000t\000h\000o\000r\000s\000h\000i\000p}{}% 1
\BOOKMARK [0][-]{dummy.2}{\376\377\000A\000b\000s\000t\000r\000a\000c\000t}{}% 2
\BOOKMARK [0][-]{dummy.3}{\376\377\000A\000c\000k\000n\000o\000w\000l\000e\000d\000g\000e\000m\000e\000n\000t\000s}{}% 3
\BOOKMARK [0][-]{dummy.4}{\376\377\000C\000o\000n\000t\000e\000n\000t\000s}{}% 4
\BOOKMARK [0][-]{dummy.6}{\376\377\000L\000i\000s\000t\000\040\000o\000f\000\040\000F\000i\000g\000u\000r\000e\000s}{}% 5
\BOOKMARK [0][-]{dummy.8}{\376\377\000L\000i\000s\000t\000\040\000o\000f\000\040\000T\000a\000b\000l\000e\000s}{}% 6
\BOOKMARK [0][-]{dummy.10}{\376\377\000A\000b\000b\000r\000e\000v\000i\000a\000t\000i\000o\000n\000s}{}% 7
\BOOKMARK [0][-]{dummy.13}{\376\377\000P\000h\000y\000s\000i\000c\000a\000l\000\040\000C\000o\000n\000s\000t\000a\000n\000t\000s}{}% 8
\BOOKMARK [0][-]{dummy.16}{\376\377\000S\000y\000m\000b\000o\000l\000s}{}% 9
\BOOKMARK [0][-]{chapter.19}{\376\377\0001\000\040\000I\000n\000t\000r\000o\000d\000u\000c\000t\000i\000o\000n}{}% 10
\BOOKMARK [0][-]{chapter.24}{\376\377\0002\000\040\000N\000u\000m\000e\000r\000i\000c\000a\000l\000\040\000M\000e\000t\000h\000o\000d}{}% 11
\BOOKMARK [1][-]{section.25}{\376\377\0002\000.\0001\000\040\000N\000a\000v\000i\000e\000r\000\040\000S\000t\000o\000k\000e\000s\000\040\000E\000q\000u\000a\000t\000i\000o\000n}{chapter.24}% 12
\BOOKMARK [1][-]{section.29}{\376\377\0002\000.\0002\000\040\000L\000a\000r\000g\000e\000\040\000E\000d\000d\000y\000\040\000S\000i\000m\000u\000l\000a\000t\000i\000o\000n}{chapter.24}% 13
\BOOKMARK [1][-]{section.42}{\376\377\0002\000.\0003\000\040\000M\000o\000d\000e\000l\000\040\000A\000s\000s\000u\000m\000p\000t\000i\000o\000n\000s\000:\000\040\000B\000o\000u\000n\000d\000a\000r\000y\000\040\000c\000o\000n\000d\000i\000t\000i\000o\000n\000s\000\040\000o\000f\000\040\000A\000B\000L}{chapter.24}% 14
\BOOKMARK [2][-]{subsection.44}{\376\377\0002\000.\0003\000.\0001\000\040\000N\000e\000a\000r\000\040\000W\000a\000l\000l\000\040\000M\000o\000d\000e\000l\000l\000i\000n\000g}{section.42}% 15
\BOOKMARK [1][-]{section.48}{\376\377\0002\000.\0004\000\040\000M\000o\000d\000e\000l\000\040\000A\000s\000s\000u\000m\000p\000t\000i\000o\000n\000s\000:\000\040\000B\000o\000u\000n\000d\000a\000r\000y\000\040\000c\000o\000n\000d\000i\000t\000i\000o\000n\000s\000\040\000o\000f\000\040\000W\000i\000n\000d\000\040\000t\000u\000r\000b\000i\000n\000e\000\040\000A\000r\000r\000a\000y}{chapter.24}% 16
\BOOKMARK [1][-]{section.51}{\376\377\0002\000.\0005\000\040\000A\000c\000t\000u\000a\000t\000o\000r\000\040\000L\000i\000n\000e\000\040\000M\000o\000d\000e\000l\000:\000\040\000W\000i\000n\000d\000\040\000t\000u\000r\000b\000i\000n\000e}{chapter.24}% 17
\BOOKMARK [0][-]{chapter.60}{\376\377\0003\000\040\000R\000e\000s\000u\000l\000t\000s\000:\000\040\000P\000r\000e\000c\000u\000r\000s\000o\000r\000\040\000S\000i\000m\000u\000l\000a\000t\000i\000o\000n}{}% 18
\BOOKMARK [1][-]{section.61}{\376\377\0003\000.\0001\000\040\000C\000o\000m\000p\000u\000t\000a\000t\000i\000o\000n\000a\000l\000\040\000D\000o\000m\000a\000i\000n}{chapter.60}% 19
\BOOKMARK [1][-]{section.63}{\376\377\0003\000.\0002\000\040\000R\000e\000s\000u\000l\000t\000s\000\040\000a\000n\000d\000\040\000D\000i\000s\000c\000u\000s\000s\000i\000o\000n}{chapter.60}% 20
\BOOKMARK [2][-]{subsection.65}{\376\377\0003\000.\0002\000.\0001\000\040\000S\000u\000b\000g\000r\000i\000d\000\040\000s\000c\000a\000l\000e\000\040\000a\000n\000d\000\040\000N\000e\000a\000r\000\040\000W\000a\000l\000l\000\040\000m\000o\000d\000e\000l\000l\000i\000n\000g\000\040\000e\000f\000f\000e\000c\000t\000s\000\040\000o\000n\000\040\000L\000o\000g\000\040\000L\000a\000w}{section.63}% 21
\BOOKMARK [2][-]{subsection.70}{\376\377\0003\000.\0002\000.\0002\000\040\000C\000a\000s\000e\000s\000\040\000I\000-\000I\000V}{section.63}% 22
\BOOKMARK [2][-]{subsection.75}{\376\377\0003\000.\0002\000.\0003\000\040\000C\000a\000s\000e\000s\000\040\000V\000-\000V\000I\000I}{section.63}% 23
\BOOKMARK [2][-]{subsection.79}{\376\377\0003\000.\0002\000.\0004\000\040\000C\000a\000s\000e\000s\000\040\000V\000I\000I\000I\000-\000X}{section.63}% 24
\BOOKMARK [2][-]{subsection.83}{\376\377\0003\000.\0002\000.\0005\000\040\000A\000\040\000n\000o\000t\000e\000\040\000o\000n\000\040\000L\000o\000g\000\040\000L\000a\000y\000e\000r\000\040\000M\000i\000s\000m\000a\000t\000c\000h}{section.63}% 25
\BOOKMARK [2][-]{subsection.95}{\376\377\0003\000.\0002\000.\0006\000\040\000L\000o\000w\000\040\000D\000i\000s\000s\000i\000p\000a\000t\000i\000o\000n\000\040\000t\000r\000e\000n\000d\000s\000\040\000w\000i\000t\000h\000\040\000n\000\040\000=\000\040\0001\0002}{section.63}% 26
\BOOKMARK [3][-]{subsubsection.96}{\376\377\0003\000.\0002\000.\0006\000.\0001\000\040\000P\000r\000e\000m\000u\000l\000t\000i\000p\000l\000i\000e\000d\000\040\000S\000p\000e\000c\000t\000r\000a\000:\000\040\000u\000n\000d\000e\000r\000s\000t\000a\000n\000d\000i\000n\000g\000\040\000d\000i\000s\000s\000i\000p\000a\000t\000i\000o\000n\000\040\000t\000r\000e\000n\000d\000s}{subsection.95}% 27
\BOOKMARK [2][-]{subsection.101}{\376\377\0003\000.\0002\000.\0007\000\040\000E\000f\000f\000e\000c\000t\000\040\000o\000f\000\040\000E\000x\000p\000l\000i\000c\000i\000t\000\040\000f\000i\000l\000t\000e\000r\000i\000n\000g\000:\000\040\000V\000a\000r\000i\000a\000t\000i\000o\000n\000\040\000o\000f\000\040\000k\000c}{section.63}% 28
\BOOKMARK [1][-]{section.102}{\376\377\0003\000.\0003\000\040\000S\000u\000m\000m\000a\000r\000y}{chapter.60}% 29
\BOOKMARK [0][-]{chapter.103}{\376\377\0004\000\040\000R\000e\000s\000u\000l\000t\000s\000:\000\040\000W\000i\000n\000d\000\040\000t\000u\000r\000b\000i\000n\000e\000\040\000a\000r\000r\000a\000y}{}% 30
\BOOKMARK [1][-]{section.105}{\376\377\0004\000.\0001\000\040\000C\000o\000m\000p\000u\000t\000a\000t\000i\000o\000n\000a\000l\000\040\000D\000o\000m\000a\000i\000n}{chapter.103}% 31
\BOOKMARK [1][-]{section.107}{\376\377\0004\000.\0002\000\040\000R\000e\000s\000u\000l\000t\000s\000:\000\040\000M\000e\000a\000n\000\040\000a\000n\000d\000\040\000S\000e\000c\000o\000n\000d\000\040\000o\000r\000d\000e\000r\000\040\000s\000t\000a\000t\000i\000s\000t\000i\000c\000s}{chapter.103}% 32
\BOOKMARK [1][-]{section.130}{\376\377\0004\000.\0003\000\040\000M\000a\000t\000h\000e\000m\000a\000t\000i\000c\000a\000l\000\040\000T\000o\000o\000l\000s\000\040\000u\000s\000e\000d\000\040\000i\000n\000\040\000P\000o\000s\000t\000P\000r\000o\000c\000e\000s\000s\000i\000n\000g}{chapter.103}% 33
\BOOKMARK [2][-]{subsection.131}{\376\377\0004\000.\0003\000.\0001\000\040\000H\000e\000l\000i\000c\000i\000t\000y}{section.130}% 34
\BOOKMARK [2][-]{subsection.135}{\376\377\0004\000.\0003\000.\0002\000\040\000L\000a\000m\000b\000\040\000V\000e\000c\000t\000o\000r\000\040\000D\000i\000v\000e\000r\000g\000e\000n\000c\000e}{section.130}% 35
\BOOKMARK [0][-]{chapter.137}{\376\377\0005\000\040\000F\000u\000t\000u\000r\000e\000\040\000W\000o\000r\000k}{}% 36
\BOOKMARK [0][-]{appendix.138}{\376\377\000A\000\040\000N\000a\000v\000i\000e\000r\000-\000S\000t\000o\000k\000e\000s\000\040\000e\000q\000u\000a\000t\000i\000o\000n\000\040\000i\000n\000\040\000S\000p\000e\000c\000t\000r\000a\000l\000\040\000E\000l\000e\000m\000e\000n\000t\000\040\000F\000o\000r\000m\000u\000l\000a\000t\000i\000o\000n\000\040}{}% 37
\BOOKMARK [1][-]{section.139}{\376\377\000A\000.\0001\000\040\000W\000e\000a\000k\000\040\000F\000o\000r\000m\000u\000l\000a\000t\000i\000o\000n\000\040\000o\000f\000\040\000N\000S\000:\000\040\000G\000a\000l\000e\000r\000k\000i\000n\000\040\000p\000r\000o\000j\000e\000c\000t\000i\000o\000n}{appendix.138}% 38
\BOOKMARK [1][-]{section.148}{\376\377\000A\000.\0002\000\040\000T\000e\000n\000s\000o\000r\000\040\000P\000r\000o\000d\000u\000c\000t\000s\000:\000\040\000D\000e\000r\000i\000v\000a\000t\000i\000v\000e\000s}{appendix.138}% 39
\BOOKMARK [1][-]{section.152}{\376\377\000A\000.\0003\000\040\000L\000e\000g\000e\000n\000d\000r\000e\000\040\000p\000o\000l\000y\000n\000o\000m\000i\000a\000l\000s}{appendix.138}% 40
\BOOKMARK [1][-]{section.158}{\376\377\000A\000.\0004\000\040\000L\000a\000g\000r\000a\000n\000g\000e\000\040\000I\000n\000t\000e\000r\000p\000o\000l\000a\000n\000t\000s}{appendix.138}% 41
\BOOKMARK [1][-]{section.167}{\376\377\000A\000.\0005\000\040\000B\000D\000F\000k\000-\000E\000X\000T\000k\000\040\000S\000c\000h\000e\000m\000e}{appendix.138}% 42
\BOOKMARK [0][-]{appendix.173}{\376\377\000B\000\040\000M\000a\000t\000h\000e\000m\000a\000t\000i\000c\000a\000l\000\040\000T\000o\000o\000l\000s\000:\000\040\000N\000e\000a\000r\000\040\000W\000a\000l\000l\000\040\000M\000o\000d\000e\000l\000l\000i\000n\000g}{}% 43
\BOOKMARK [1][-]{section.174}{\376\377\000B\000.\0001\000\040\000S\000t\000r\000e\000s\000s\000\040\000b\000o\000u\000n\000d\000a\000r\000y\000\040\000c\000o\000n\000d\000i\000t\000i\000o\000n\000s}{appendix.173}% 44
\BOOKMARK [1][-]{section.178}{\376\377\000B\000.\0002\000\040\000E\000l\000e\000m\000e\000n\000t\000a\000l\000\040\000L\000e\000v\000e\000l\000\040\000F\000i\000l\000t\000e\000r\000i\000n\000g}{appendix.173}% 45
\BOOKMARK [0][-]{appendix.184}{\376\377\000C\000\040\000M\000a\000t\000h\000e\000m\000a\000t\000i\000c\000a\000l\000\040\000d\000e\000t\000a\000i\000l\000s\000\040\000o\000f\000\040\000O\000u\000t\000f\000l\000o\000w\000\040\000B\000o\000u\000n\000d\000a\000r\000y\000\040\000C\000o\000n\000d\000i\000t\000i\000o\000n}{}% 46
\BOOKMARK [1][-]{section.185}{\376\377\000C\000.\0001\000\040\000O\000u\000t\000f\000l\000o\000w\000\040\000b\000o\000u\000n\000d\000a\000r\000y\000\040\000c\000o\000n\000d\000i\000t\000i\000o\000n\000s}{appendix.184}% 47
\BOOKMARK [1][-]{section.190}{\376\377\000C\000.\0002\000\040\000E\000n\000e\000r\000g\000y\000\040\000A\000n\000a\000l\000y\000s\000i\000s}{appendix.184}% 48
\BOOKMARK [2][-]{subsection.196}{\376\377\000C\000.\0002\000.\0001\000\040\000S\000p\000o\000n\000g\000e\000\040\000L\000a\000y\000e\000r}{section.190}% 49
\BOOKMARK [2][-]{subsection.197}{\376\377\000C\000.\0002\000.\0002\000\040\000S\000t\000a\000b\000i\000l\000i\000z\000e\000d\000\040\000N\000a\000t\000u\000r\000a\000l\000\040\000B\000o\000u\000n\000d\000a\000r\000y\000\040\000C\000o\000n\000d\000i\000t\000i\000o\000n}{section.190}% 50
\BOOKMARK [0][-]{dummy.199}{\376\377\000B\000i\000b\000l\000i\000o\000g\000r\000a\000p\000h\000y}{}% 51
